<?xml version="1.0" encoding="UTF-8"?>
<!-- Generated by org.testng.reporters.JUnitReportReporter -->
<testsuite hostname="DESKTOP-1G6RP3B" failures="0" tests="4" name="parallel.TestRunner" time="240.351" errors="0" timestamp="2022-11-11T15:30:50 IST" skipped="0">
  <testcase classname="parallel.TestRunner" name="runScenario" time="35.024"/>
  <system-out/>
  <testcase classname="parallel.TestRunner" name="runScenario" time="28.694"/>
  <system-out/>
  <testcase classname="parallel.TestRunner" name="runScenario" time="146.425"/>
  <system-out/>
  <testcase classname="parallel.TestRunner" name="runScenario" time="30.208"/>
  <system-out/>
</testsuite> <!-- parallel.TestRunner -->
