<?xml version="1.0" encoding="UTF-8"?>
<!-- Generated by org.testng.reporters.JUnitReportReporter -->
<testsuite hostname="DESKTOP-1G6RP3B" failures="0" tests="4" name="com.Parallel.TestRunner" time="123.314" errors="0" timestamp="2022-11-11T15:08:09 IST" skipped="0">
  <testcase classname="com.Parallel.TestRunner" name="runScenario" time="27.701"/>
  <system-out/>
  <testcase classname="com.Parallel.TestRunner" name="runScenario" time="35.192"/>
  <system-out/>
  <testcase classname="com.Parallel.TestRunner" name="runScenario" time="31.633"/>
  <system-out/>
  <testcase classname="com.Parallel.TestRunner" name="runScenario" time="28.788"/>
  <system-out/>
</testsuite> <!-- com.Parallel.TestRunner -->
